The system is: Linux - 4.19.128-microsoft-standard - x86_64
Compiling the C compiler identification source file "CMakeCCompilerId.c" succeeded.
Compiler: /usr/bin/cc 
Build flags: 
Id flags:  

The output was:
0


Compilation of the C compiler identification source "CMakeCCompilerId.c" produced "a.out"

The C compiler identification is GNU, found in "/workspaces/TutorialForCLang/examples/工具链/编译工具链/项目管理/vector/CMakeFiles/3.17.2/CompilerIdC/a.out"

Determining if the C compiler works passed with the following output:
Change Dir: /workspaces/TutorialForCLang/examples/工具链/编译工具链/项目管理/vector/CMakeFiles/CMakeTmp

Run Build Command(s):/usr/bin/make cmTC_174e2/fast && /usr/bin/make  -f CMakeFiles/cmTC_174e2.dir/build.make CMakeFiles/cmTC_174e2.dir/build
make[1]: Entering directory '/workspaces/TutorialForCLang/examples/工具链/编译工具链/项目管理/vector/CMakeFiles/CMakeTmp'
Building C object CMakeFiles/cmTC_174e2.dir/testCCompiler.c.o
/usr/bin/cc    -o CMakeFiles/cmTC_174e2.dir/testCCompiler.c.o   -c /workspaces/TutorialForCLang/examples/工具链/编译工具链/项目管理/vector/CMakeFiles/CMakeTmp/testCCompiler.c
Linking C executable cmTC_174e2
/usr/bin/cmake -E cmake_link_script CMakeFiles/cmTC_174e2.dir/link.txt --verbose=1
/usr/bin/cc      CMakeFiles/cmTC_174e2.dir/testCCompiler.c.o  -o cmTC_174e2 
make[1]: Leaving directory '/workspaces/TutorialForCLang/examples/工具链/编译工具链/项目管理/vector/CMakeFiles/CMakeTmp'



Detecting C compiler ABI info compiled with the following output:
Change Dir: /workspaces/TutorialForCLang/examples/工具链/编译工具链/项目管理/vector/CMakeFiles/CMakeTmp

Run Build Command(s):/usr/bin/make cmTC_a7bf2/fast && /usr/bin/make  -f CMakeFiles/cmTC_a7bf2.dir/build.make CMakeFiles/cmTC_a7bf2.dir/build
make[1]: Entering directory '/workspaces/TutorialForCLang/examples/工具链/编译工具链/项目管理/vector/CMakeFiles/CMakeTmp'
Building C object CMakeFiles/cmTC_a7bf2.dir/CMakeCCompilerABI.c.o
/usr/bin/cc   -v -o CMakeFiles/cmTC_a7bf2.dir/CMakeCCompilerABI.c.o   -c /usr/share/cmake/Modules/CMakeCCompilerABI.c
Using built-in specs.
COLLECT_GCC=/usr/bin/cc
Target: x86_64-alpine-linux-musl
Configured with: /home/buildozer/aports/main/gcc/src/gcc-9.3.0/configure --prefix=/usr --mandir=/usr/share/man --infodir=/usr/share/info --build=x86_64-alpine-linux-musl --host=x86_64-alpine-linux-musl --target=x86_64-alpine-linux-musl --with-pkgversion='Alpine 9.3.0' --enable-checking=release --disable-fixed-point --disable-libstdcxx-pch --disable-multilib --disable-nls --disable-werror --disable-symvers --enable-__cxa_atexit --enable-default-pie --enable-default-ssp --enable-cloog-backend --enable-languages=c,c++,d,objc,fortran,ada --disable-libssp --disable-libmpx --disable-libmudflap --disable-libsanitizer --enable-shared --enable-threads --enable-tls --with-system-zlib --with-linker-hash-style=gnu
Thread model: posix
gcc version 9.3.0 (Alpine 9.3.0) 
COLLECT_GCC_OPTIONS='-v' '-o' 'CMakeFiles/cmTC_a7bf2.dir/CMakeCCompilerABI.c.o' '-c' '-mtune=generic' '-march=x86-64'
 /usr/libexec/gcc/x86_64-alpine-linux-musl/9.3.0/cc1 -quiet -v /usr/share/cmake/Modules/CMakeCCompilerABI.c -quiet -dumpbase CMakeCCompilerABI.c -mtune=generic -march=x86-64 -auxbase-strip CMakeFiles/cmTC_a7bf2.dir/CMakeCCompilerABI.c.o -version -o /tmp/ccLphdeg.s
GNU C17 (Alpine 9.3.0) version 9.3.0 (x86_64-alpine-linux-musl)
	compiled by GNU C version 9.3.0, GMP version 6.2.0, MPFR version 4.0.2, MPC version 1.1.0, isl version isl-0.18-GMP

GGC heuristics: --param ggc-min-expand=100 --param ggc-min-heapsize=131072
ignoring nonexistent directory "/usr/local/include"
ignoring nonexistent directory "/usr/lib/gcc/x86_64-alpine-linux-musl/9.3.0/../../../../x86_64-alpine-linux-musl/include"
#include "..." search starts here:
#include <...> search starts here:
 /usr/include/fortify
 /usr/include
 /usr/lib/gcc/x86_64-alpine-linux-musl/9.3.0/include
End of search list.
GNU C17 (Alpine 9.3.0) version 9.3.0 (x86_64-alpine-linux-musl)
	compiled by GNU C version 9.3.0, GMP version 6.2.0, MPFR version 4.0.2, MPC version 1.1.0, isl version isl-0.18-GMP

GGC heuristics: --param ggc-min-expand=100 --param ggc-min-heapsize=131072
Compiler executable checksum: 501c05d615d8f797a5937479b6573636
COLLECT_GCC_OPTIONS='-v' '-o' 'CMakeFiles/cmTC_a7bf2.dir/CMakeCCompilerABI.c.o' '-c' '-mtune=generic' '-march=x86-64'
 /usr/lib/gcc/x86_64-alpine-linux-musl/9.3.0/../../../../x86_64-alpine-linux-musl/bin/as -v --64 -o CMakeFiles/cmTC_a7bf2.dir/CMakeCCompilerABI.c.o /tmp/ccLphdeg.s
GNU assembler version 2.34 (x86_64-alpine-linux-musl) using BFD version (GNU Binutils) 2.34
COMPILER_PATH=/usr/libexec/gcc/x86_64-alpine-linux-musl/9.3.0/:/usr/libexec/gcc/x86_64-alpine-linux-musl/9.3.0/:/usr/libexec/gcc/x86_64-alpine-linux-musl/:/usr/lib/gcc/x86_64-alpine-linux-musl/9.3.0/:/usr/lib/gcc/x86_64-alpine-linux-musl/:/usr/lib/gcc/x86_64-alpine-linux-musl/9.3.0/../../../../x86_64-alpine-linux-musl/bin/
LIBRARY_PATH=/usr/lib/gcc/x86_64-alpine-linux-musl/9.3.0/:/usr/lib/gcc/x86_64-alpine-linux-musl/9.3.0/../../../../x86_64-alpine-linux-musl/lib/../lib/:/usr/lib/gcc/x86_64-alpine-linux-musl/9.3.0/../../../../lib/:/lib/../lib/:/usr/lib/../lib/:/usr/lib/gcc/x86_64-alpine-linux-musl/9.3.0/../../../../x86_64-alpine-linux-musl/lib/:/usr/lib/gcc/x86_64-alpine-linux-musl/9.3.0/../../../:/lib/:/usr/lib/
COLLECT_GCC_OPTIONS='-v' '-o' 'CMakeFiles/cmTC_a7bf2.dir/CMakeCCompilerABI.c.o' '-c' '-mtune=generic' '-march=x86-64'
Linking C executable cmTC_a7bf2
/usr/bin/cmake -E cmake_link_script CMakeFiles/cmTC_a7bf2.dir/link.txt --verbose=1
/usr/bin/cc     -v CMakeFiles/cmTC_a7bf2.dir/CMakeCCompilerABI.c.o  -o cmTC_a7bf2 
Using built-in specs.
COLLECT_GCC=/usr/bin/cc
COLLECT_LTO_WRAPPER=/usr/libexec/gcc/x86_64-alpine-linux-musl/9.3.0/lto-wrapper
Target: x86_64-alpine-linux-musl
Configured with: /home/buildozer/aports/main/gcc/src/gcc-9.3.0/configure --prefix=/usr --mandir=/usr/share/man --infodir=/usr/share/info --build=x86_64-alpine-linux-musl --host=x86_64-alpine-linux-musl --target=x86_64-alpine-linux-musl --with-pkgversion='Alpine 9.3.0' --enable-checking=release --disable-fixed-point --disable-libstdcxx-pch --disable-multilib --disable-nls --disable-werror --disable-symvers --enable-__cxa_atexit --enable-default-pie --enable-default-ssp --enable-cloog-backend --enable-languages=c,c++,d,objc,fortran,ada --disable-libssp --disable-libmpx --disable-libmudflap --disable-libsanitizer --enable-shared --enable-threads --enable-tls --with-system-zlib --with-linker-hash-style=gnu
Thread model: posix
gcc version 9.3.0 (Alpine 9.3.0) 
COMPILER_PATH=/usr/libexec/gcc/x86_64-alpine-linux-musl/9.3.0/:/usr/libexec/gcc/x86_64-alpine-linux-musl/9.3.0/:/usr/libexec/gcc/x86_64-alpine-linux-musl/:/usr/lib/gcc/x86_64-alpine-linux-musl/9.3.0/:/usr/lib/gcc/x86_64-alpine-linux-musl/:/usr/lib/gcc/x86_64-alpine-linux-musl/9.3.0/../../../../x86_64-alpine-linux-musl/bin/
LIBRARY_PATH=/usr/lib/gcc/x86_64-alpine-linux-musl/9.3.0/:/usr/lib/gcc/x86_64-alpine-linux-musl/9.3.0/../../../../x86_64-alpine-linux-musl/lib/../lib/:/usr/lib/gcc/x86_64-alpine-linux-musl/9.3.0/../../../../lib/:/lib/../lib/:/usr/lib/../lib/:/usr/lib/gcc/x86_64-alpine-linux-musl/9.3.0/../../../../x86_64-alpine-linux-musl/lib/:/usr/lib/gcc/x86_64-alpine-linux-musl/9.3.0/../../../:/lib/:/usr/lib/
COLLECT_GCC_OPTIONS='-v' '-o' 'cmTC_a7bf2' '-mtune=generic' '-march=x86-64'
 /usr/libexec/gcc/x86_64-alpine-linux-musl/9.3.0/collect2 -plugin /usr/libexec/gcc/x86_64-alpine-linux-musl/9.3.0/liblto_plugin.so -plugin-opt=/usr/libexec/gcc/x86_64-alpine-linux-musl/9.3.0/lto-wrapper -plugin-opt=-fresolution=/tmp/ccOMFMLa.res -plugin-opt=-pass-through=-lgcc -plugin-opt=-pass-through=-lgcc_s -plugin-opt=-pass-through=-lc -plugin-opt=-pass-through=-lgcc -plugin-opt=-pass-through=-lgcc_s --eh-frame-hdr --hash-style=gnu -m elf_x86_64 --as-needed -dynamic-linker /lib/ld-musl-x86_64.so.1 -pie -z relro -z now -o cmTC_a7bf2 /usr/lib/gcc/x86_64-alpine-linux-musl/9.3.0/../../../../lib/Scrt1.o /usr/lib/gcc/x86_64-alpine-linux-musl/9.3.0/../../../../lib/crti.o /usr/lib/gcc/x86_64-alpine-linux-musl/9.3.0/crtbeginS.o -L/usr/lib/gcc/x86_64-alpine-linux-musl/9.3.0 -L/usr/lib/gcc/x86_64-alpine-linux-musl/9.3.0/../../../../x86_64-alpine-linux-musl/lib/../lib -L/usr/lib/gcc/x86_64-alpine-linux-musl/9.3.0/../../../../lib -L/lib/../lib -L/usr/lib/../lib -L/usr/lib/gcc/x86_64-alpine-linux-musl/9.3.0/../../../../x86_64-alpine-linux-musl/lib -L/usr/lib/gcc/x86_64-alpine-linux-musl/9.3.0/../../.. CMakeFiles/cmTC_a7bf2.dir/CMakeCCompilerABI.c.o -lssp_nonshared -lgcc --push-state --as-needed -lgcc_s --pop-state -lc -lgcc --push-state --as-needed -lgcc_s --pop-state /usr/lib/gcc/x86_64-alpine-linux-musl/9.3.0/crtendS.o /usr/lib/gcc/x86_64-alpine-linux-musl/9.3.0/../../../../lib/crtn.o
COLLECT_GCC_OPTIONS='-v' '-o' 'cmTC_a7bf2' '-mtune=generic' '-march=x86-64'
make[1]: Leaving directory '/workspaces/TutorialForCLang/examples/工具链/编译工具链/项目管理/vector/CMakeFiles/CMakeTmp'



Parsed C implicit include dir info from above output: rv=done
  found start of include info
  found start of implicit include info
    add: [/usr/include/fortify]
    add: [/usr/include]
    add: [/usr/lib/gcc/x86_64-alpine-linux-musl/9.3.0/include]
  end of search list found
  collapse include dir [/usr/include/fortify] ==> [/usr/include/fortify]
  collapse include dir [/usr/include] ==> [/usr/include]
  collapse include dir [/usr/lib/gcc/x86_64-alpine-linux-musl/9.3.0/include] ==> [/usr/lib/gcc/x86_64-alpine-linux-musl/9.3.0/include]
  implicit include dirs: [/usr/include/fortify;/usr/include;/usr/lib/gcc/x86_64-alpine-linux-musl/9.3.0/include]


Parsed C implicit link information from above output:
  link line regex: [^( *|.*[/\])(ld|CMAKE_LINK_STARTFILE-NOTFOUND|([^/\]+-)?ld|collect2)[^/\]*( |$)]
  ignore line: [Change Dir: /workspaces/TutorialForCLang/examples/工具链/编译工具链/项目管理/vector/CMakeFiles/CMakeTmp]
  ignore line: []
  ignore line: [Run Build Command(s):/usr/bin/make cmTC_a7bf2/fast && /usr/bin/make  -f CMakeFiles/cmTC_a7bf2.dir/build.make CMakeFiles/cmTC_a7bf2.dir/build]
  ignore line: [make[1]: Entering directory '/workspaces/TutorialForCLang/examples/工具链/编译工具链/项目管理/vector/CMakeFiles/CMakeTmp']
  ignore line: [Building C object CMakeFiles/cmTC_a7bf2.dir/CMakeCCompilerABI.c.o]
  ignore line: [/usr/bin/cc   -v -o CMakeFiles/cmTC_a7bf2.dir/CMakeCCompilerABI.c.o   -c /usr/share/cmake/Modules/CMakeCCompilerABI.c]
  ignore line: [Using built-in specs.]
  ignore line: [COLLECT_GCC=/usr/bin/cc]
  ignore line: [Target: x86_64-alpine-linux-musl]
  ignore line: [Configured with: /home/buildozer/aports/main/gcc/src/gcc-9.3.0/configure --prefix=/usr --mandir=/usr/share/man --infodir=/usr/share/info --build=x86_64-alpine-linux-musl --host=x86_64-alpine-linux-musl --target=x86_64-alpine-linux-musl --with-pkgversion='Alpine 9.3.0' --enable-checking=release --disable-fixed-point --disable-libstdcxx-pch --disable-multilib --disable-nls --disable-werror --disable-symvers --enable-__cxa_atexit --enable-default-pie --enable-default-ssp --enable-cloog-backend --enable-languages=c c++ d objc fortran ada --disable-libssp --disable-libmpx --disable-libmudflap --disable-libsanitizer --enable-shared --enable-threads --enable-tls --with-system-zlib --with-linker-hash-style=gnu]
  ignore line: [Thread model: posix]
  ignore line: [gcc version 9.3.0 (Alpine 9.3.0) ]
  ignore line: [COLLECT_GCC_OPTIONS='-v' '-o' 'CMakeFiles/cmTC_a7bf2.dir/CMakeCCompilerABI.c.o' '-c' '-mtune=generic' '-march=x86-64']
  ignore line: [ /usr/libexec/gcc/x86_64-alpine-linux-musl/9.3.0/cc1 -quiet -v /usr/share/cmake/Modules/CMakeCCompilerABI.c -quiet -dumpbase CMakeCCompilerABI.c -mtune=generic -march=x86-64 -auxbase-strip CMakeFiles/cmTC_a7bf2.dir/CMakeCCompilerABI.c.o -version -o /tmp/ccLphdeg.s]
  ignore line: [GNU C17 (Alpine 9.3.0) version 9.3.0 (x86_64-alpine-linux-musl)]
  ignore line: [	compiled by GNU C version 9.3.0  GMP version 6.2.0  MPFR version 4.0.2  MPC version 1.1.0  isl version isl-0.18-GMP]
  ignore line: []
  ignore line: [GGC heuristics: --param ggc-min-expand=100 --param ggc-min-heapsize=131072]
  ignore line: [ignoring nonexistent directory "/usr/local/include"]
  ignore line: [ignoring nonexistent directory "/usr/lib/gcc/x86_64-alpine-linux-musl/9.3.0/../../../../x86_64-alpine-linux-musl/include"]
  ignore line: [#include "..." search starts here:]
  ignore line: [#include <...> search starts here:]
  ignore line: [ /usr/include/fortify]
  ignore line: [ /usr/include]
  ignore line: [ /usr/lib/gcc/x86_64-alpine-linux-musl/9.3.0/include]
  ignore line: [End of search list.]
  ignore line: [GNU C17 (Alpine 9.3.0) version 9.3.0 (x86_64-alpine-linux-musl)]
  ignore line: [	compiled by GNU C version 9.3.0  GMP version 6.2.0  MPFR version 4.0.2  MPC version 1.1.0  isl version isl-0.18-GMP]
  ignore line: []
  ignore line: [GGC heuristics: --param ggc-min-expand=100 --param ggc-min-heapsize=131072]
  ignore line: [Compiler executable checksum: 501c05d615d8f797a5937479b6573636]
  ignore line: [COLLECT_GCC_OPTIONS='-v' '-o' 'CMakeFiles/cmTC_a7bf2.dir/CMakeCCompilerABI.c.o' '-c' '-mtune=generic' '-march=x86-64']
  ignore line: [ /usr/lib/gcc/x86_64-alpine-linux-musl/9.3.0/../../../../x86_64-alpine-linux-musl/bin/as -v --64 -o CMakeFiles/cmTC_a7bf2.dir/CMakeCCompilerABI.c.o /tmp/ccLphdeg.s]
  ignore line: [GNU assembler version 2.34 (x86_64-alpine-linux-musl) using BFD version (GNU Binutils) 2.34]
  ignore line: [COMPILER_PATH=/usr/libexec/gcc/x86_64-alpine-linux-musl/9.3.0/:/usr/libexec/gcc/x86_64-alpine-linux-musl/9.3.0/:/usr/libexec/gcc/x86_64-alpine-linux-musl/:/usr/lib/gcc/x86_64-alpine-linux-musl/9.3.0/:/usr/lib/gcc/x86_64-alpine-linux-musl/:/usr/lib/gcc/x86_64-alpine-linux-musl/9.3.0/../../../../x86_64-alpine-linux-musl/bin/]
  ignore line: [LIBRARY_PATH=/usr/lib/gcc/x86_64-alpine-linux-musl/9.3.0/:/usr/lib/gcc/x86_64-alpine-linux-musl/9.3.0/../../../../x86_64-alpine-linux-musl/lib/../lib/:/usr/lib/gcc/x86_64-alpine-linux-musl/9.3.0/../../../../lib/:/lib/../lib/:/usr/lib/../lib/:/usr/lib/gcc/x86_64-alpine-linux-musl/9.3.0/../../../../x86_64-alpine-linux-musl/lib/:/usr/lib/gcc/x86_64-alpine-linux-musl/9.3.0/../../../:/lib/:/usr/lib/]
  ignore line: [COLLECT_GCC_OPTIONS='-v' '-o' 'CMakeFiles/cmTC_a7bf2.dir/CMakeCCompilerABI.c.o' '-c' '-mtune=generic' '-march=x86-64']
  ignore line: [Linking C executable cmTC_a7bf2]
  ignore line: [/usr/bin/cmake -E cmake_link_script CMakeFiles/cmTC_a7bf2.dir/link.txt --verbose=1]
  ignore line: [/usr/bin/cc     -v CMakeFiles/cmTC_a7bf2.dir/CMakeCCompilerABI.c.o  -o cmTC_a7bf2 ]
  ignore line: [Using built-in specs.]
  ignore line: [COLLECT_GCC=/usr/bin/cc]
  ignore line: [COLLECT_LTO_WRAPPER=/usr/libexec/gcc/x86_64-alpine-linux-musl/9.3.0/lto-wrapper]
  ignore line: [Target: x86_64-alpine-linux-musl]
  ignore line: [Configured with: /home/buildozer/aports/main/gcc/src/gcc-9.3.0/configure --prefix=/usr --mandir=/usr/share/man --infodir=/usr/share/info --build=x86_64-alpine-linux-musl --host=x86_64-alpine-linux-musl --target=x86_64-alpine-linux-musl --with-pkgversion='Alpine 9.3.0' --enable-checking=release --disable-fixed-point --disable-libstdcxx-pch --disable-multilib --disable-nls --disable-werror --disable-symvers --enable-__cxa_atexit --enable-default-pie --enable-default-ssp --enable-cloog-backend --enable-languages=c c++ d objc fortran ada --disable-libssp --disable-libmpx --disable-libmudflap --disable-libsanitizer --enable-shared --enable-threads --enable-tls --with-system-zlib --with-linker-hash-style=gnu]
  ignore line: [Thread model: posix]
  ignore line: [gcc version 9.3.0 (Alpine 9.3.0) ]
  ignore line: [COMPILER_PATH=/usr/libexec/gcc/x86_64-alpine-linux-musl/9.3.0/:/usr/libexec/gcc/x86_64-alpine-linux-musl/9.3.0/:/usr/libexec/gcc/x86_64-alpine-linux-musl/:/usr/lib/gcc/x86_64-alpine-linux-musl/9.3.0/:/usr/lib/gcc/x86_64-alpine-linux-musl/:/usr/lib/gcc/x86_64-alpine-linux-musl/9.3.0/../../../../x86_64-alpine-linux-musl/bin/]
  ignore line: [LIBRARY_PATH=/usr/lib/gcc/x86_64-alpine-linux-musl/9.3.0/:/usr/lib/gcc/x86_64-alpine-linux-musl/9.3.0/../../../../x86_64-alpine-linux-musl/lib/../lib/:/usr/lib/gcc/x86_64-alpine-linux-musl/9.3.0/../../../../lib/:/lib/../lib/:/usr/lib/../lib/:/usr/lib/gcc/x86_64-alpine-linux-musl/9.3.0/../../../../x86_64-alpine-linux-musl/lib/:/usr/lib/gcc/x86_64-alpine-linux-musl/9.3.0/../../../:/lib/:/usr/lib/]
  ignore line: [COLLECT_GCC_OPTIONS='-v' '-o' 'cmTC_a7bf2' '-mtune=generic' '-march=x86-64']
  link line: [ /usr/libexec/gcc/x86_64-alpine-linux-musl/9.3.0/collect2 -plugin /usr/libexec/gcc/x86_64-alpine-linux-musl/9.3.0/liblto_plugin.so -plugin-opt=/usr/libexec/gcc/x86_64-alpine-linux-musl/9.3.0/lto-wrapper -plugin-opt=-fresolution=/tmp/ccOMFMLa.res -plugin-opt=-pass-through=-lgcc -plugin-opt=-pass-through=-lgcc_s -plugin-opt=-pass-through=-lc -plugin-opt=-pass-through=-lgcc -plugin-opt=-pass-through=-lgcc_s --eh-frame-hdr --hash-style=gnu -m elf_x86_64 --as-needed -dynamic-linker /lib/ld-musl-x86_64.so.1 -pie -z relro -z now -o cmTC_a7bf2 /usr/lib/gcc/x86_64-alpine-linux-musl/9.3.0/../../../../lib/Scrt1.o /usr/lib/gcc/x86_64-alpine-linux-musl/9.3.0/../../../../lib/crti.o /usr/lib/gcc/x86_64-alpine-linux-musl/9.3.0/crtbeginS.o -L/usr/lib/gcc/x86_64-alpine-linux-musl/9.3.0 -L/usr/lib/gcc/x86_64-alpine-linux-musl/9.3.0/../../../../x86_64-alpine-linux-musl/lib/../lib -L/usr/lib/gcc/x86_64-alpine-linux-musl/9.3.0/../../../../lib -L/lib/../lib -L/usr/lib/../lib -L/usr/lib/gcc/x86_64-alpine-linux-musl/9.3.0/../../../../x86_64-alpine-linux-musl/lib -L/usr/lib/gcc/x86_64-alpine-linux-musl/9.3.0/../../.. CMakeFiles/cmTC_a7bf2.dir/CMakeCCompilerABI.c.o -lssp_nonshared -lgcc --push-state --as-needed -lgcc_s --pop-state -lc -lgcc --push-state --as-needed -lgcc_s --pop-state /usr/lib/gcc/x86_64-alpine-linux-musl/9.3.0/crtendS.o /usr/lib/gcc/x86_64-alpine-linux-musl/9.3.0/../../../../lib/crtn.o]
    arg [/usr/libexec/gcc/x86_64-alpine-linux-musl/9.3.0/collect2] ==> ignore
    arg [-plugin] ==> ignore
    arg [/usr/libexec/gcc/x86_64-alpine-linux-musl/9.3.0/liblto_plugin.so] ==> ignore
    arg [-plugin-opt=/usr/libexec/gcc/x86_64-alpine-linux-musl/9.3.0/lto-wrapper] ==> ignore
    arg [-plugin-opt=-fresolution=/tmp/ccOMFMLa.res] ==> ignore
    arg [-plugin-opt=-pass-through=-lgcc] ==> ignore
    arg [-plugin-opt=-pass-through=-lgcc_s] ==> ignore
    arg [-plugin-opt=-pass-through=-lc] ==> ignore
    arg [-plugin-opt=-pass-through=-lgcc] ==> ignore
    arg [-plugin-opt=-pass-through=-lgcc_s] ==> ignore
    arg [--eh-frame-hdr] ==> ignore
    arg [--hash-style=gnu] ==> ignore
    arg [-m] ==> ignore
    arg [elf_x86_64] ==> ignore
    arg [--as-needed] ==> ignore
    arg [-dynamic-linker] ==> ignore
    arg [/lib/ld-musl-x86_64.so.1] ==> ignore
    arg [-pie] ==> ignore
    arg [-zrelro] ==> ignore
    arg [-znow] ==> ignore
    arg [-o] ==> ignore
    arg [cmTC_a7bf2] ==> ignore
    arg [/usr/lib/gcc/x86_64-alpine-linux-musl/9.3.0/../../../../lib/Scrt1.o] ==> ignore
    arg [/usr/lib/gcc/x86_64-alpine-linux-musl/9.3.0/../../../../lib/crti.o] ==> ignore
    arg [/usr/lib/gcc/x86_64-alpine-linux-musl/9.3.0/crtbeginS.o] ==> ignore
    arg [-L/usr/lib/gcc/x86_64-alpine-linux-musl/9.3.0] ==> dir [/usr/lib/gcc/x86_64-alpine-linux-musl/9.3.0]
    arg [-L/usr/lib/gcc/x86_64-alpine-linux-musl/9.3.0/../../../../x86_64-alpine-linux-musl/lib/../lib] ==> dir [/usr/lib/gcc/x86_64-alpine-linux-musl/9.3.0/../../../../x86_64-alpine-linux-musl/lib/../lib]
    arg [-L/usr/lib/gcc/x86_64-alpine-linux-musl/9.3.0/../../../../lib] ==> dir [/usr/lib/gcc/x86_64-alpine-linux-musl/9.3.0/../../../../lib]
    arg [-L/lib/../lib] ==> dir [/lib/../lib]
    arg [-L/usr/lib/../lib] ==> dir [/usr/lib/../lib]
    arg [-L/usr/lib/gcc/x86_64-alpine-linux-musl/9.3.0/../../../../x86_64-alpine-linux-musl/lib] ==> dir [/usr/lib/gcc/x86_64-alpine-linux-musl/9.3.0/../../../../x86_64-alpine-linux-musl/lib]
    arg [-L/usr/lib/gcc/x86_64-alpine-linux-musl/9.3.0/../../..] ==> dir [/usr/lib/gcc/x86_64-alpine-linux-musl/9.3.0/../../..]
    arg [CMakeFiles/cmTC_a7bf2.dir/CMakeCCompilerABI.c.o] ==> ignore
    arg [-lssp_nonshared] ==> lib [ssp_nonshared]
    arg [-lgcc] ==> lib [gcc]
    arg [--push-state] ==> ignore
    arg [--as-needed] ==> ignore
    arg [-lgcc_s] ==> lib [gcc_s]
    arg [--pop-state] ==> ignore
    arg [-lc] ==> lib [c]
    arg [-lgcc] ==> lib [gcc]
    arg [--push-state] ==> ignore
    arg [--as-needed] ==> ignore
    arg [-lgcc_s] ==> lib [gcc_s]
    arg [--pop-state] ==> ignore
    arg [/usr/lib/gcc/x86_64-alpine-linux-musl/9.3.0/crtendS.o] ==> ignore
    arg [/usr/lib/gcc/x86_64-alpine-linux-musl/9.3.0/../../../../lib/crtn.o] ==> ignore
  collapse library dir [/usr/lib/gcc/x86_64-alpine-linux-musl/9.3.0] ==> [/usr/lib/gcc/x86_64-alpine-linux-musl/9.3.0]
  collapse library dir [/usr/lib/gcc/x86_64-alpine-linux-musl/9.3.0/../../../../x86_64-alpine-linux-musl/lib/../lib] ==> [/usr/x86_64-alpine-linux-musl/lib]
  collapse library dir [/usr/lib/gcc/x86_64-alpine-linux-musl/9.3.0/../../../../lib] ==> [/usr/lib]
  collapse library dir [/lib/../lib] ==> [/lib]
  collapse library dir [/usr/lib/../lib] ==> [/usr/lib]
  collapse library dir [/usr/lib/gcc/x86_64-alpine-linux-musl/9.3.0/../../../../x86_64-alpine-linux-musl/lib] ==> [/usr/x86_64-alpine-linux-musl/lib]
  collapse library dir [/usr/lib/gcc/x86_64-alpine-linux-musl/9.3.0/../../..] ==> [/usr/lib]
  implicit libs: [ssp_nonshared;gcc;gcc_s;c;gcc;gcc_s]
  implicit dirs: [/usr/lib/gcc/x86_64-alpine-linux-musl/9.3.0;/usr/x86_64-alpine-linux-musl/lib;/usr/lib;/lib]
  implicit fwks: []


